# JRE version: Java(TM) SE Runtime Environment (8.0_40-b25) (build 1.8.0_40-b25)
# Java VM: Java HotSpot(TM) 64-Bit Server VM (25.40-b25 mixed mode windows-amd64 compressed oops)
Heap:
 PSYoungGen      total 563200K, used 146934K [0x00000000d5f00000, 0x00000000ffa00000, 0x0000000100000000)
  eden space 527360K, 21% used [0x00000000d5f00000,0x00000000dcbdf0c0,0x00000000f6200000)
  from space 35840K, 98% used [0x00000000f6200000,0x00000000f849e7d0,0x00000000f8500000)
  to   space 76800K, 0% used [0x00000000faf00000,0x00000000faf00000,0x00000000ffa00000)
 ParOldGen       total 129536K, used 59131K [0x0000000081c00000, 0x0000000089a80000, 0x00000000d5f00000)
  object space 129536K, 45% used [0x0000000081c00000,0x00000000855befd8,0x0000000089a80000)
 Metaspace       used 55014K, capacity 55682K, committed 56280K, reserved 1099776K
  class space    used 6680K, capacity 6856K, committed 6872K, reserved 1048576K
GC Heap History (10 events):
Event: 17.802 GC heap before
{Heap before GC invocations=14 (full 2):
 PSYoungGen      total 613888K, used 418867K [0x00000000d5f00000, 0x0000000100000000, 0x0000000100000000)
  eden space 538624K, 77% used [0x00000000d5f00000,0x00000000ef80cf18,0x00000000f6d00000)
  from space 75264K, 0% used [0x00000000f6d00000,0x00000000f6d00000,0x00000000fb680000)
  to   space 72704K, 0% used [0x00000000fb900000,0x00000000fb900000,0x0000000100000000)
 ParOldGen       total 101888K, used 26263K [0x0000000081c00000, 0x0000000087f80000, 0x00000000d5f00000)
  object space 101888K, 25% used [0x0000000081c00000,0x00000000835a5fd8,0x0000000087f80000)
 Metaspace       used 34726K, capacity 34976K, committed 35416K, reserved 1081344K
  class space    used 4290K, capacity 4372K, committed 4440K, reserved 1048576K
Event: 17.843 GC heap after
Heap after GC invocations=14 (full 2):
 PSYoungGen      total 605184K, used 31098K [0x00000000d5f00000, 0x00000000ff780000, 0x0000000100000000)
  eden space 541184K, 0% used [0x00000000d5f00000,0x00000000d5f00000,0x00000000f6f80000)
  from space 64000K, 48% used [0x00000000fb900000,0x00000000fd75e978,0x00000000ff780000)
  to   space 69632K, 0% used [0x00000000f6f80000,0x00000000f6f80000,0x00000000fb380000)
 ParOldGen       total 101888K, used 26279K [0x0000000081c00000, 0x0000000087f80000, 0x00000000d5f00000)
  object space 101888K, 25% used [0x0000000081c00000,0x00000000835a9fd8,0x0000000087f80000)
 Metaspace       used 34726K, capacity 34976K, committed 35416K, reserved 1081344K
  class space    used 4290K, capacity 4372K, committed 4440K, reserved 1048576K
}
Event: 17.843 GC heap before
{Heap before GC invocations=15 (full 3):
 PSYoungGen      total 605184K, used 31098K [0x00000000d5f00000, 0x00000000ff780000, 0x0000000100000000)
  eden space 541184K, 0% used [0x00000000d5f00000,0x00000000d5f00000,0x00000000f6f80000)
  from space 64000K, 48% used [0x00000000fb900000,0x00000000fd75e978,0x00000000ff780000)
  to   space 69632K, 0% used [0x00000000f6f80000,0x00000000f6f80000,0x00000000fb380000)
 ParOldGen       total 101888K, used 26279K [0x0000000081c00000, 0x0000000087f80000, 0x00000000d5f00000)
  object space 101888K, 25% used [0x0000000081c00000,0x00000000835a9fd8,0x0000000087f80000)
 Metaspace       used 34726K, capacity 34976K, committed 35416K, reserved 1081344K
  class space    used 4290K, capacity 4372K, committed 4440K, reserved 1048576K
Event: 17.923 GC heap after
Heap after GC invocations=15 (full 3):
 PSYoungGen      total 605184K, used 0K [0x00000000d5f00000, 0x00000000ff780000, 0x0000000100000000)
  eden space 541184K, 0% used [0x00000000d5f00000,0x00000000d5f00000,0x00000000f6f80000)
  from space 64000K, 0% used [0x00000000fb900000,0x00000000fb900000,0x00000000ff780000)
  to   space 69632K, 0% used [0x00000000f6f80000,0x00000000f6f80000,0x00000000fb380000)
 ParOldGen       total 129536K, used 39837K [0x0000000081c00000, 0x0000000089a80000, 0x00000000d5f00000)
  object space 129536K, 30% used [0x0000000081c00000,0x00000000842e7788,0x0000000089a80000)
 Metaspace       used 34726K, capacity 34976K, committed 35416K, reserved 1081344K
  class space    used 4290K, capacity 4372K, committed 4440K, reserved 1048576K
}
Event: 21.312 GC heap before
{Heap before GC invocations=16 (full 3):
 PSYoungGen      total 605184K, used 541184K [0x00000000d5f00000, 0x00000000ff780000, 0x0000000100000000)
  eden space 541184K, 100% used [0x00000000d5f00000,0x00000000f6f80000,0x00000000f6f80000)
  from space 64000K, 0% used [0x00000000fb900000,0x00000000fb900000,0x00000000ff780000)
  to   space 69632K, 0% used [0x00000000f6f80000,0x00000000f6f80000,0x00000000fb380000)
 ParOldGen       total 129536K, used 39837K [0x0000000081c00000, 0x0000000089a80000, 0x00000000d5f00000)
  object space 129536K, 30% used [0x0000000081c00000,0x00000000842e7788,0x0000000089a80000)
 Metaspace       used 47916K, capacity 48392K, committed 48984K, reserved 1091584K
  class space    used 5834K, capacity 5974K, committed 5976K, reserved 1048576K
Event: 21.350 GC heap after
Heap after GC invocations=16 (full 3):
 PSYoungGen      total 610304K, used 69074K [0x00000000d5f00000, 0x0000000100000000, 0x0000000100000000)
  eden space 541184K, 0% used [0x00000000d5f00000,0x00000000d5f00000,0x00000000f6f80000)
  from space 69120K, 99% used [0x00000000f6f80000,0x00000000fb2f4898,0x00000000fb300000)
  to   space 78848K, 0% used [0x00000000fb300000,0x00000000fb300000,0x0000000100000000)
 ParOldGen       total 129536K, used 39864K [0x0000000081c00000, 0x0000000089a80000, 0x00000000d5f00000)
  object space 129536K, 30% used [0x0000000081c00000,0x00000000842ee3d8,0x0000000089a80000)
 Metaspace       used 47916K, capacity 48392K, committed 48984K, reserved 1091584K
  class space    used 5834K, capacity 5974K, committed 5976K, reserved 1048576K
}
Event: 23.870 GC heap before
{Heap before GC invocations=17 (full 3):
 PSYoungGen      total 610304K, used 610258K [0x00000000d5f00000, 0x0000000100000000, 0x0000000100000000)
  eden space 541184K, 100% used [0x00000000d5f00000,0x00000000f6f80000,0x00000000f6f80000)
  from space 69120K, 99% used [0x00000000f6f80000,0x00000000fb2f4898,0x00000000fb300000)
  to   space 78848K, 0% used [0x00000000fb300000,0x00000000fb300000,0x0000000100000000)
 ParOldGen       total 129536K, used 39864K [0x0000000081c00000, 0x0000000089a80000, 0x00000000d5f00000)
  object space 129536K, 30% used [0x0000000081c00000,0x00000000842ee3d8,0x0000000089a80000)
 Metaspace       used 52602K, capacity 53214K, committed 53720K, reserved 1095680K
  class space    used 6431K, capacity 6594K, committed 6616K, reserved 1048576K
Event: 23.932 GC heap after
Heap after GC invocations=17 (full 3):
 PSYoungGen      total 606208K, used 45333K [0x00000000d5f00000, 0x0000000100000000, 0x0000000100000000)
  eden space 527360K, 0% used [0x00000000d5f00000,0x00000000d5f00000,0x00000000f6200000)
  from space 78848K, 57% used [0x00000000fb300000,0x00000000fdf45678,0x0000000100000000)
  to   space 80896K, 0% used [0x00000000f6200000,0x00000000f6200000,0x00000000fb100000)
 ParOldGen       total 129536K, used 54002K [0x0000000081c00000, 0x0000000089a80000, 0x00000000d5f00000)
  object space 129536K, 41% used [0x0000000081c00000,0x00000000850bc940,0x0000000089a80000)
 Metaspace       used 52602K, capacity 53214K, committed 53720K, reserved 1095680K
  class space    used 6431K, capacity 6594K, committed 6616K, reserved 1048576K
}
Event: 646.641 GC heap before
{Heap before GC invocations=18 (full 3):
 PSYoungGen      total 606208K, used 572693K [0x00000000d5f00000, 0x0000000100000000, 0x0000000100000000)
  eden space 527360K, 100% used [0x00000000d5f00000,0x00000000f6200000,0x00000000f6200000)
  from space 78848K, 57% used [0x00000000fb300000,0x00000000fdf45678,0x0000000100000000)
  to   space 80896K, 0% used [0x00000000f6200000,0x00000000f6200000,0x00000000fb100000)
 ParOldGen       total 129536K, used 54002K [0x0000000081c00000, 0x0000000089a80000, 0x00000000d5f00000)
  object space 129536K, 41% used [0x0000000081c00000,0x00000000850bc940,0x0000000089a80000)
 Metaspace       used 54912K, capacity 55554K, committed 56024K, reserved 1097728K
  class space    used 6679K, capacity 6856K, committed 6872K, reserved 1048576K
Event: 646.670 GC heap after
Heap after GC invocations=18 (full 3):
 PSYoungGen      total 563200K, used 35449K [0x00000000d5f00000, 0x00000000ffa00000, 0x0000000100000000)
  eden space 527360K, 0% used [0x00000000d5f00000,0x00000000d5f00000,0x00000000f6200000)
  from space 35840K, 98% used [0x00000000f6200000,0x00000000f849e7d0,0x00000000f8500000)
  to   space 76800K, 0% used [0x00000000faf00000,0x00000000faf00000,0x00000000ffa00000)
 ParOldGen       total 129536K, used 59131K [0x0000000081c00000, 0x0000000089a80000, 0x00000000d5f00000)
  object space 129536K, 45% used [0x0000000081c00000,0x00000000855befd8,0x0000000089a80000)
 Metaspace       used 54912K, capacity 55554K, committed 56024K, reserved 1097728K
  class space    used 6679K, capacity 6856K, committed 6872K, reserved 1048576K
}

