# JRE version: Java(TM) SE Runtime Environment (8.0_40-b25) (build 1.8.0_40-b25)
# Java VM: Java HotSpot(TM) 64-Bit Server VM (25.40-b25 mixed mode windows-amd64 compressed oops)
Heap:
 PSYoungGen      total 402432K, used 55601K [0x00000000d5f00000, 0x00000000f5580000, 0x0000000100000000)
  eden space 283136K, 19% used [0x00000000d5f00000,0x00000000d954c400,0x00000000e7380000)
  from space 119296K, 0% used [0x00000000e7380000,0x00000000e7380000,0x00000000ee800000)
  to   space 112128K, 0% used [0x00000000ee800000,0x00000000ee800000,0x00000000f5580000)
 ParOldGen       total 1379328K, used 685425K [0x0000000081c00000, 0x00000000d5f00000, 0x00000000d5f00000)
  object space 1379328K, 49% used [0x0000000081c00000,0x00000000ab95c7f8,0x00000000d5f00000)
 Metaspace       used 66654K, capacity 67454K, committed 68352K, reserved 1110016K
  class space    used 7906K, capacity 8102K, committed 8192K, reserved 1048576K
GC Heap History (10 events):
Event: 1385.142 GC heap before
{Heap before GC invocations=2905 (full 351):
 PSYoungGen      total 411648K, used 154751K [0x00000000d5f00000, 0x00000000f6e80000, 0x0000000100000000)
  eden space 274944K, 56% used [0x00000000d5f00000,0x00000000df61ffc0,0x00000000e6b80000)
  from space 136704K, 0% used [0x00000000e6b80000,0x00000000e6b80000,0x00000000ef100000)
  to   space 128512K, 0% used [0x00000000ef100000,0x00000000ef100000,0x00000000f6e80000)
 ParOldGen       total 1379328K, used 1189216K [0x0000000081c00000, 0x00000000d5f00000, 0x00000000d5f00000)
  object space 1379328K, 86% used [0x0000000081c00000,0x00000000ca558250,0x00000000d5f00000)
 Metaspace       used 66600K, capacity 67442K, committed 68352K, reserved 1110016K
  class space    used 7901K, capacity 8098K, committed 8192K, reserved 1048576K
Event: 1385.152 GC heap after
Heap after GC invocations=2905 (full 351):
 PSYoungGen      total 393216K, used 6489K [0x00000000d5f00000, 0x00000000f5c80000, 0x0000000100000000)
  eden space 283136K, 0% used [0x00000000d5f00000,0x00000000d5f00000,0x00000000e7380000)
  from space 110080K, 5% used [0x00000000ef100000,0x00000000ef7565b8,0x00000000f5c80000)
  to   space 119296K, 0% used [0x00000000e7380000,0x00000000e7380000,0x00000000ee800000)
 ParOldGen       total 1379328K, used 1189216K [0x0000000081c00000, 0x00000000d5f00000, 0x00000000d5f00000)
  object space 1379328K, 86% used [0x0000000081c00000,0x00000000ca558250,0x00000000d5f00000)
 Metaspace       used 66600K, capacity 67442K, committed 68352K, reserved 1110016K
  class space    used 7901K, capacity 8098K, committed 8192K, reserved 1048576K
}
Event: 1385.242 GC heap before
{Heap before GC invocations=2906 (full 351):
 PSYoungGen      total 393216K, used 232089K [0x00000000d5f00000, 0x00000000f5c80000, 0x0000000100000000)
  eden space 283136K, 79% used [0x00000000d5f00000,0x00000000e3b4fff8,0x00000000e7380000)
  from space 110080K, 5% used [0x00000000ef100000,0x00000000ef7565b8,0x00000000f5c80000)
  to   space 119296K, 0% used [0x00000000e7380000,0x00000000e7380000,0x00000000ee800000)
 ParOldGen       total 1379328K, used 1189216K [0x0000000081c00000, 0x00000000d5f00000, 0x00000000d5f00000)
  object space 1379328K, 86% used [0x0000000081c00000,0x00000000ca558250,0x00000000d5f00000)
 Metaspace       used 66600K, capacity 67442K, committed 68352K, reserved 1110016K
  class space    used 7901K, capacity 8098K, committed 8192K, reserved 1048576K
Event: 1385.249 GC heap after
Heap after GC invocations=2906 (full 351):
 PSYoungGen      total 393216K, used 232089K [0x00000000d5f00000, 0x00000000f5c80000, 0x0000000100000000)
  eden space 283136K, 79% used [0x00000000d5f00000,0x00000000e3b4fff8,0x00000000e7380000)
  from space 110080K, 5% used [0x00000000ef100000,0x00000000ef7565b8,0x00000000f5c80000)
  to   space 119296K, 5% used [0x00000000e7380000,0x00000000e79de5b8,0x00000000ee800000)
 ParOldGen       total 1379328K, used 1189216K [0x0000000081c00000, 0x00000000d5f00000, 0x00000000d5f00000)
  object space 1379328K, 86% used [0x0000000081c00000,0x00000000ca558250,0x00000000d5f00000)
 Metaspace       used 66600K, capacity 67442K, committed 68352K, reserved 1110016K
  class space    used 7901K, capacity 8098K, committed 8192K, reserved 1048576K
}
Event: 1385.249 GC heap before
{Heap before GC invocations=2907 (full 352):
 PSYoungGen      total 393216K, used 232089K [0x00000000d5f00000, 0x00000000f5c80000, 0x0000000100000000)
  eden space 283136K, 79% used [0x00000000d5f00000,0x00000000e3b4fff8,0x00000000e7380000)
  from space 110080K, 5% used [0x00000000ef100000,0x00000000ef7565b8,0x00000000f5c80000)
  to   space 119296K, 5% used [0x00000000e7380000,0x00000000e79de5b8,0x00000000ee800000)
 ParOldGen       total 1379328K, used 1189216K [0x0000000081c00000, 0x00000000d5f00000, 0x00000000d5f00000)
  object space 1379328K, 86% used [0x0000000081c00000,0x00000000ca558250,0x00000000d5f00000)
 Metaspace       used 66600K, capacity 67442K, committed 68352K, reserved 1110016K
  class space    used 7901K, capacity 8098K, committed 8192K, reserved 1048576K
Event: 1385.460 GC heap after
Heap after GC invocations=2907 (full 352):
 PSYoungGen      total 393216K, used 0K [0x00000000d5f00000, 0x00000000f5c80000, 0x0000000100000000)
  eden space 283136K, 0% used [0x00000000d5f00000,0x00000000d5f00000,0x00000000e7380000)
  from space 110080K, 0% used [0x00000000ef100000,0x00000000ef100000,0x00000000f5c80000)
  to   space 119296K, 0% used [0x00000000e7380000,0x00000000e7380000,0x00000000ee800000)
 ParOldGen       total 1379328K, used 685559K [0x0000000081c00000, 0x00000000d5f00000, 0x00000000d5f00000)
  object space 1379328K, 49% used [0x0000000081c00000,0x00000000ab97dd40,0x00000000d5f00000)
 Metaspace       used 66600K, capacity 67442K, committed 68352K, reserved 1110016K
  class space    used 7901K, capacity 8098K, committed 8192K, reserved 1048576K
}
Event: 1385.460 GC heap before
{Heap before GC invocations=2908 (full 352):
 PSYoungGen      total 393216K, used 0K [0x00000000d5f00000, 0x00000000f5c80000, 0x0000000100000000)
  eden space 283136K, 0% used [0x00000000d5f00000,0x00000000d5f00000,0x00000000e7380000)
  from space 110080K, 0% used [0x00000000ef100000,0x00000000ef100000,0x00000000f5c80000)
  to   space 119296K, 0% used [0x00000000e7380000,0x00000000e7380000,0x00000000ee800000)
 ParOldGen       total 1379328K, used 685559K [0x0000000081c00000, 0x00000000d5f00000, 0x00000000d5f00000)
  object space 1379328K, 49% used [0x0000000081c00000,0x00000000ab97dd40,0x00000000d5f00000)
 Metaspace       used 66600K, capacity 67442K, committed 68352K, reserved 1110016K
  class space    used 7901K, capacity 8098K, committed 8192K, reserved 1048576K
Event: 1385.464 GC heap after
Heap after GC invocations=2908 (full 352):
 PSYoungGen      total 402432K, used 0K [0x00000000d5f00000, 0x00000000f5580000, 0x0000000100000000)
  eden space 283136K, 0% used [0x00000000d5f00000,0x00000000d5f00000,0x00000000e7380000)
  from space 119296K, 0% used [0x00000000e7380000,0x00000000e7380000,0x00000000ee800000)
  to   space 112128K, 0% used [0x00000000ee800000,0x00000000ee800000,0x00000000f5580000)
 ParOldGen       total 1379328K, used 685559K [0x0000000081c00000, 0x00000000d5f00000, 0x00000000d5f00000)
  object space 1379328K, 49% used [0x0000000081c00000,0x00000000ab97dd40,0x00000000d5f00000)
 Metaspace       used 66600K, capacity 67442K, committed 68352K, reserved 1110016K
  class space    used 7901K, capacity 8098K, committed 8192K, reserved 1048576K
}
Event: 1385.464 GC heap before
{Heap before GC invocations=2909 (full 353):
 PSYoungGen      total 402432K, used 0K [0x00000000d5f00000, 0x00000000f5580000, 0x0000000100000000)
  eden space 283136K, 0% used [0x00000000d5f00000,0x00000000d5f00000,0x00000000e7380000)
  from space 119296K, 0% used [0x00000000e7380000,0x00000000e7380000,0x00000000ee800000)
  to   space 112128K, 0% used [0x00000000ee800000,0x00000000ee800000,0x00000000f5580000)
 ParOldGen       total 1379328K, used 685559K [0x0000000081c00000, 0x00000000d5f00000, 0x00000000d5f00000)
  object space 1379328K, 49% used [0x0000000081c00000,0x00000000ab97dd40,0x00000000d5f00000)
 Metaspace       used 66600K, capacity 67442K, committed 68352K, reserved 1110016K
  class space    used 7901K, capacity 8098K, committed 8192K, reserved 1048576K
Event: 1385.727 GC heap after
Heap after GC invocations=2909 (full 353):
 PSYoungGen      total 402432K, used 0K [0x00000000d5f00000, 0x00000000f5580000, 0x0000000100000000)
  eden space 283136K, 0% used [0x00000000d5f00000,0x00000000d5f00000,0x00000000e7380000)
  from space 119296K, 0% used [0x00000000e7380000,0x00000000e7380000,0x00000000ee800000)
  to   space 112128K, 0% used [0x00000000ee800000,0x00000000ee800000,0x00000000f5580000)
 ParOldGen       total 1379328K, used 685425K [0x0000000081c00000, 0x00000000d5f00000, 0x00000000d5f00000)
  object space 1379328K, 49% used [0x0000000081c00000,0x00000000ab95c7f8,0x00000000d5f00000)
 Metaspace       used 66600K, capacity 67442K, committed 68352K, reserved 1110016K
  class space    used 7901K, capacity 8098K, committed 8192K, reserved 1048576K
}

