# JRE version: Java(TM) SE Runtime Environment (8.0_40-b25) (build 1.8.0_40-b25)
# Java VM: Java HotSpot(TM) 64-Bit Server VM (25.40-b25 mixed mode windows-amd64 compressed oops)
Heap:
 PSYoungGen      total 248832K, used 17322K [0x00000000d5f00000, 0x00000000ff200000, 0x0000000100000000)
  eden space 244736K, 5% used [0x00000000d5f00000,0x00000000d6c310f0,0x00000000e4e00000)
  from space 4096K, 93% used [0x00000000e4e00000,0x00000000e51b9900,0x00000000e5200000)
  to   space 215040K, 0% used [0x00000000f2000000,0x00000000f2000000,0x00000000ff200000)
 ParOldGen       total 1379328K, used 570360K [0x0000000081c00000, 0x00000000d5f00000, 0x00000000d5f00000)
  object space 1379328K, 41% used [0x0000000081c00000,0x00000000a48fe3b0,0x00000000d5f00000)
 Metaspace       used 61664K, capacity 62426K, committed 63448K, reserved 1105920K
  class space    used 7280K, capacity 7472K, committed 7640K, reserved 1048576K
GC Heap History (10 events):
Event: 2358.745 GC heap before
{Heap before GC invocations=424 (full 41):
 PSYoungGen      total 468992K, used 293114K [0x00000000d5f00000, 0x0000000100000000, 0x0000000100000000)
  eden space 269312K, 63% used [0x00000000d5f00000,0x00000000e0526570,0x00000000e6600000)
  from space 199680K, 61% used [0x00000000f3680000,0x00000000fae98538,0x00000000ff980000)
  to   space 209920K, 0% used [0x00000000e6600000,0x00000000e6600000,0x00000000f3300000)
 ParOldGen       total 1379328K, used 1072318K [0x0000000081c00000, 0x00000000d5f00000, 0x00000000d5f00000)
  object space 1379328K, 77% used [0x0000000081c00000,0x00000000c332fae8,0x00000000d5f00000)
 Metaspace       used 61125K, capacity 61828K, committed 62808K, reserved 1103872K
  class space    used 7257K, capacity 7431K, committed 7512K, reserved 1048576K
Event: 2358.810 GC heap after
Heap after GC invocations=424 (full 41):
 PSYoungGen      total 409600K, used 140144K [0x00000000d5f00000, 0x0000000100000000, 0x0000000100000000)
  eden space 269312K, 0% used [0x00000000d5f00000,0x00000000d5f00000,0x00000000e6600000)
  from space 140288K, 99% used [0x00000000e6600000,0x00000000eeedc030,0x00000000eef00000)
  to   space 223744K, 0% used [0x00000000f2580000,0x00000000f2580000,0x0000000100000000)
 ParOldGen       total 1379328K, used 1243659K [0x0000000081c00000, 0x00000000d5f00000, 0x00000000d5f00000)
  object space 1379328K, 90% used [0x0000000081c00000,0x00000000cda82d48,0x00000000d5f00000)
 Metaspace       used 61125K, capacity 61828K, committed 62808K, reserved 1103872K
  class space    used 7257K, capacity 7431K, committed 7512K, reserved 1048576K
}
Event: 2358.810 GC heap before
{Heap before GC invocations=425 (full 42):
 PSYoungGen      total 409600K, used 140144K [0x00000000d5f00000, 0x0000000100000000, 0x0000000100000000)
  eden space 269312K, 0% used [0x00000000d5f00000,0x00000000d5f00000,0x00000000e6600000)
  from space 140288K, 99% used [0x00000000e6600000,0x00000000eeedc030,0x00000000eef00000)
  to   space 223744K, 0% used [0x00000000f2580000,0x00000000f2580000,0x0000000100000000)
 ParOldGen       total 1379328K, used 1243659K [0x0000000081c00000, 0x00000000d5f00000, 0x00000000d5f00000)
  object space 1379328K, 90% used [0x0000000081c00000,0x00000000cda82d48,0x00000000d5f00000)
 Metaspace       used 61125K, capacity 61828K, committed 62808K, reserved 1103872K
  class space    used 7257K, capacity 7431K, committed 7512K, reserved 1048576K
Event: 2358.925 GC heap after
Heap after GC invocations=425 (full 42):
 PSYoungGen      total 409600K, used 0K [0x00000000d5f00000, 0x0000000100000000, 0x0000000100000000)
  eden space 269312K, 0% used [0x00000000d5f00000,0x00000000d5f00000,0x00000000e6600000)
  from space 140288K, 0% used [0x00000000e6600000,0x00000000e6600000,0x00000000eef00000)
  to   space 223744K, 0% used [0x00000000f2580000,0x00000000f2580000,0x0000000100000000)
 ParOldGen       total 1379328K, used 570504K [0x0000000081c00000, 0x00000000d5f00000, 0x00000000d5f00000)
  object space 1379328K, 41% used [0x0000000081c00000,0x00000000a4922350,0x00000000d5f00000)
 Metaspace       used 61125K, capacity 61828K, committed 62808K, reserved 1103872K
  class space    used 7257K, capacity 7431K, committed 7512K, reserved 1048576K
}
Event: 2358.925 GC heap before
{Heap before GC invocations=426 (full 42):
 PSYoungGen      total 409600K, used 0K [0x00000000d5f00000, 0x0000000100000000, 0x0000000100000000)
  eden space 269312K, 0% used [0x00000000d5f00000,0x00000000d5f00000,0x00000000e6600000)
  from space 140288K, 0% used [0x00000000e6600000,0x00000000e6600000,0x00000000eef00000)
  to   space 223744K, 0% used [0x00000000f2580000,0x00000000f2580000,0x0000000100000000)
 ParOldGen       total 1379328K, used 570504K [0x0000000081c00000, 0x00000000d5f00000, 0x00000000d5f00000)
  object space 1379328K, 41% used [0x0000000081c00000,0x00000000a4922350,0x00000000d5f00000)
 Metaspace       used 61125K, capacity 61828K, committed 62808K, reserved 1103872K
  class space    used 7257K, capacity 7431K, committed 7512K, reserved 1048576K
Event: 2358.928 GC heap after
Heap after GC invocations=426 (full 42):
 PSYoungGen      total 468480K, used 0K [0x00000000d5f00000, 0x0000000100000000, 0x0000000100000000)
  eden space 244736K, 0% used [0x00000000d5f00000,0x00000000d5f00000,0x00000000e4e00000)
  from space 223744K, 0% used [0x00000000f2580000,0x00000000f2580000,0x0000000100000000)
  to   space 220672K, 0% used [0x00000000e4e00000,0x00000000e4e00000,0x00000000f2580000)
 ParOldGen       total 1379328K, used 570504K [0x0000000081c00000, 0x00000000d5f00000, 0x00000000d5f00000)
  object space 1379328K, 41% used [0x0000000081c00000,0x00000000a4922350,0x00000000d5f00000)
 Metaspace       used 61125K, capacity 61828K, committed 62808K, reserved 1103872K
  class space    used 7257K, capacity 7431K, committed 7512K, reserved 1048576K
}
Event: 2358.928 GC heap before
{Heap before GC invocations=427 (full 43):
 PSYoungGen      total 468480K, used 0K [0x00000000d5f00000, 0x0000000100000000, 0x0000000100000000)
  eden space 244736K, 0% used [0x00000000d5f00000,0x00000000d5f00000,0x00000000e4e00000)
  from space 223744K, 0% used [0x00000000f2580000,0x00000000f2580000,0x0000000100000000)
  to   space 220672K, 0% used [0x00000000e4e00000,0x00000000e4e00000,0x00000000f2580000)
 ParOldGen       total 1379328K, used 570504K [0x0000000081c00000, 0x00000000d5f00000, 0x00000000d5f00000)
  object space 1379328K, 41% used [0x0000000081c00000,0x00000000a4922350,0x00000000d5f00000)
 Metaspace       used 61125K, capacity 61828K, committed 62808K, reserved 1103872K
  class space    used 7257K, capacity 7431K, committed 7512K, reserved 1048576K
Event: 2359.147 GC heap after
Heap after GC invocations=427 (full 43):
 PSYoungGen      total 468480K, used 0K [0x00000000d5f00000, 0x0000000100000000, 0x0000000100000000)
  eden space 244736K, 0% used [0x00000000d5f00000,0x00000000d5f00000,0x00000000e4e00000)
  from space 223744K, 0% used [0x00000000f2580000,0x00000000f2580000,0x0000000100000000)
  to   space 220672K, 0% used [0x00000000e4e00000,0x00000000e4e00000,0x00000000f2580000)
 ParOldGen       total 1379328K, used 570352K [0x0000000081c00000, 0x00000000d5f00000, 0x00000000d5f00000)
  object space 1379328K, 41% used [0x0000000081c00000,0x00000000a48fc3b0,0x00000000d5f00000)
 Metaspace       used 61125K, capacity 61828K, committed 62808K, reserved 1103872K
  class space    used 7257K, capacity 7431K, committed 7512K, reserved 1048576K
}
Event: 3160.647 GC heap before
{Heap before GC invocations=428 (full 43):
 PSYoungGen      total 468480K, used 244736K [0x00000000d5f00000, 0x0000000100000000, 0x0000000100000000)
  eden space 244736K, 100% used [0x00000000d5f00000,0x00000000e4e00000,0x00000000e4e00000)
  from space 223744K, 0% used [0x00000000f2580000,0x00000000f2580000,0x0000000100000000)
  to   space 220672K, 0% used [0x00000000e4e00000,0x00000000e4e00000,0x00000000f2580000)
 ParOldGen       total 1379328K, used 570352K [0x0000000081c00000, 0x00000000d5f00000, 0x00000000d5f00000)
  object space 1379328K, 41% used [0x0000000081c00000,0x00000000a48fc3b0,0x00000000d5f00000)
 Metaspace       used 61597K, capacity 62362K, committed 63192K, reserved 1105920K
  class space    used 7279K, capacity 7472K, committed 7640K, reserved 1048576K
Event: 3160.654 GC heap after
Heap after GC invocations=428 (full 43):
 PSYoungGen      total 248832K, used 3814K [0x00000000d5f00000, 0x00000000ff200000, 0x0000000100000000)
  eden space 244736K, 0% used [0x00000000d5f00000,0x00000000d5f00000,0x00000000e4e00000)
  from space 4096K, 93% used [0x00000000e4e00000,0x00000000e51b9900,0x00000000e5200000)
  to   space 215040K, 0% used [0x00000000f2000000,0x00000000f2000000,0x00000000ff200000)
 ParOldGen       total 1379328K, used 570360K [0x0000000081c00000, 0x00000000d5f00000, 0x00000000d5f00000)
  object space 1379328K, 41% used [0x0000000081c00000,0x00000000a48fe3b0,0x00000000d5f00000)
 Metaspace       used 61597K, capacity 62362K, committed 63192K, reserved 1105920K
  class space    used 7279K, capacity 7472K, committed 7640K, reserved 1048576K
}

