# JRE version: Java(TM) SE Runtime Environment (8.0_40-b25) (build 1.8.0_40-b25)
# Java VM: Java HotSpot(TM) 64-Bit Server VM (25.40-b25 mixed mode windows-amd64 compressed oops)
Heap:
 PSYoungGen      total 613888K, used 102501K [0x00000000d5f00000, 0x0000000100000000, 0x0000000100000000)
  eden space 541184K, 10% used [0x00000000d5f00000,0x00000000d984d8a0,0x00000000f6f80000)
  from space 72704K, 60% used [0x00000000f6f80000,0x00000000f9a4be70,0x00000000fb680000)
  to   space 72704K, 0% used [0x00000000fb900000,0x00000000fb900000,0x0000000100000000)
 ParOldGen       total 142336K, used 72264K [0x0000000081c00000, 0x000000008a700000, 0x00000000d5f00000)
  object space 142336K, 50% used [0x0000000081c00000,0x0000000086292250,0x000000008a700000)
 Metaspace       used 76344K, capacity 77612K, committed 77868K, reserved 1118208K
  class space    used 8931K, capacity 9183K, committed 9260K, reserved 1048576K
GC Heap History (10 events):
Event: 22.590 GC heap before
{Heap before GC invocations=18 (full 2):
 PSYoungGen      total 627712K, used 627684K [0x00000000d5f00000, 0x0000000100000000, 0x0000000100000000)
  eden space 567296K, 100% used [0x00000000d5f00000,0x00000000f8900000,0x00000000f8900000)
  from space 60416K, 99% used [0x00000000f8900000,0x00000000fc3f91c8,0x00000000fc400000)
  to   space 61440K, 0% used [0x00000000fc400000,0x00000000fc400000,0x0000000100000000)
 ParOldGen       total 97792K, used 49753K [0x0000000081c00000, 0x0000000087b80000, 0x00000000d5f00000)
  object space 97792K, 50% used [0x0000000081c00000,0x0000000084c96760,0x0000000087b80000)
 Metaspace       used 53978K, capacity 54620K, committed 55168K, reserved 1097728K
  class space    used 6579K, capacity 6759K, committed 6784K, reserved 1048576K
Event: 22.629 GC heap after
Heap after GC invocations=18 (full 2):
 PSYoungGen      total 599040K, used 47873K [0x00000000d5f00000, 0x0000000100000000, 0x0000000100000000)
  eden space 537600K, 0% used [0x00000000d5f00000,0x00000000d5f00000,0x00000000f6c00000)
  from space 61440K, 77% used [0x00000000fc400000,0x00000000ff2c0738,0x0000000100000000)
  to   space 75776K, 0% used [0x00000000f6c00000,0x00000000f6c00000,0x00000000fb600000)
 ParOldGen       total 97792K, used 64278K [0x0000000081c00000, 0x0000000087b80000, 0x00000000d5f00000)
  object space 97792K, 65% used [0x0000000081c00000,0x0000000085ac5930,0x0000000087b80000)
 Metaspace       used 53978K, capacity 54620K, committed 55168K, reserved 1097728K
  class space    used 6579K, capacity 6759K, committed 6784K, reserved 1048576K
}
Event: 63.865 GC heap before
{Heap before GC invocations=19 (full 2):
 PSYoungGen      total 599040K, used 517659K [0x00000000d5f00000, 0x0000000100000000, 0x0000000100000000)
  eden space 537600K, 87% used [0x00000000d5f00000,0x00000000f29c6850,0x00000000f6c00000)
  from space 61440K, 77% used [0x00000000fc400000,0x00000000ff2c0738,0x0000000100000000)
  to   space 75776K, 0% used [0x00000000f6c00000,0x00000000f6c00000,0x00000000fb600000)
 ParOldGen       total 97792K, used 64278K [0x0000000081c00000, 0x0000000087b80000, 0x00000000d5f00000)
  object space 97792K, 65% used [0x0000000081c00000,0x0000000085ac5930,0x0000000087b80000)
 Metaspace       used 57529K, capacity 58144K, committed 58668K, reserved 1101824K
  class space    used 7004K, capacity 7185K, committed 7212K, reserved 1048576K
Event: 63.897 GC heap after
Heap after GC invocations=19 (full 2):
 PSYoungGen      total 613376K, used 34200K [0x00000000d5f00000, 0x0000000100000000, 0x0000000100000000)
  eden space 537600K, 0% used [0x00000000d5f00000,0x00000000d5f00000,0x00000000f6c00000)
  from space 75776K, 45% used [0x00000000f6c00000,0x00000000f8d663f8,0x00000000fb600000)
  to   space 72192K, 0% used [0x00000000fb980000,0x00000000fb980000,0x0000000100000000)
 ParOldGen       total 97792K, used 69747K [0x0000000081c00000, 0x0000000087b80000, 0x00000000d5f00000)
  object space 97792K, 71% used [0x0000000081c00000,0x000000008601cf28,0x0000000087b80000)
 Metaspace       used 57529K, capacity 58144K, committed 58668K, reserved 1101824K
  class space    used 7004K, capacity 7185K, committed 7212K, reserved 1048576K
}
Event: 63.897 GC heap before
{Heap before GC invocations=20 (full 3):
 PSYoungGen      total 613376K, used 34200K [0x00000000d5f00000, 0x0000000100000000, 0x0000000100000000)
  eden space 537600K, 0% used [0x00000000d5f00000,0x00000000d5f00000,0x00000000f6c00000)
  from space 75776K, 45% used [0x00000000f6c00000,0x00000000f8d663f8,0x00000000fb600000)
  to   space 72192K, 0% used [0x00000000fb980000,0x00000000fb980000,0x0000000100000000)
 ParOldGen       total 97792K, used 69747K [0x0000000081c00000, 0x0000000087b80000, 0x00000000d5f00000)
  object space 97792K, 71% used [0x0000000081c00000,0x000000008601cf28,0x0000000087b80000)
 Metaspace       used 57529K, capacity 58144K, committed 58668K, reserved 1101824K
  class space    used 7004K, capacity 7185K, committed 7212K, reserved 1048576K
Event: 64.111 GC heap after
Heap after GC invocations=20 (full 3):
 PSYoungGen      total 613376K, used 0K [0x00000000d5f00000, 0x0000000100000000, 0x0000000100000000)
  eden space 537600K, 0% used [0x00000000d5f00000,0x00000000d5f00000,0x00000000f6c00000)
  from space 75776K, 0% used [0x00000000f6c00000,0x00000000f6c00000,0x00000000fb600000)
  to   space 72192K, 0% used [0x00000000fb980000,0x00000000fb980000,0x0000000100000000)
 ParOldGen       total 142336K, used 67329K [0x0000000081c00000, 0x000000008a700000, 0x00000000d5f00000)
  object space 142336K, 47% used [0x0000000081c00000,0x0000000085dc0730,0x000000008a700000)
 Metaspace       used 57465K, capacity 58042K, committed 58668K, reserved 1101824K
  class space    used 6994K, capacity 7168K, committed 7212K, reserved 1048576K
}
Event: 564.846 GC heap before
{Heap before GC invocations=21 (full 3):
 PSYoungGen      total 613376K, used 537600K [0x00000000d5f00000, 0x0000000100000000, 0x0000000100000000)
  eden space 537600K, 100% used [0x00000000d5f00000,0x00000000f6c00000,0x00000000f6c00000)
  from space 75776K, 0% used [0x00000000f6c00000,0x00000000f6c00000,0x00000000fb600000)
  to   space 72192K, 0% used [0x00000000fb980000,0x00000000fb980000,0x0000000100000000)
 ParOldGen       total 142336K, used 67329K [0x0000000081c00000, 0x000000008a700000, 0x00000000d5f00000)
  object space 142336K, 47% used [0x0000000081c00000,0x0000000085dc0730,0x000000008a700000)
 Metaspace       used 74659K, capacity 75682K, committed 76204K, reserved 1116160K
  class space    used 8869K, capacity 9110K, committed 9132K, reserved 1048576K
Event: 564.962 GC heap after
Heap after GC invocations=21 (full 3):
 PSYoungGen      total 610816K, used 42904K [0x00000000d5f00000, 0x00000000ffd80000, 0x0000000100000000)
  eden space 541184K, 0% used [0x00000000d5f00000,0x00000000d5f00000,0x00000000f6f80000)
  from space 69632K, 61% used [0x00000000fb980000,0x00000000fe3662a8,0x00000000ffd80000)
  to   space 72704K, 0% used [0x00000000f6f80000,0x00000000f6f80000,0x00000000fb680000)
 ParOldGen       total 142336K, used 67345K [0x0000000081c00000, 0x000000008a700000, 0x00000000d5f00000)
  object space 142336K, 47% used [0x0000000081c00000,0x0000000085dc4730,0x000000008a700000)
 Metaspace       used 74659K, capacity 75682K, committed 76204K, reserved 1116160K
  class space    used 8869K, capacity 9110K, committed 9132K, reserved 1048576K
}
Event: 2777.173 GC heap before
{Heap before GC invocations=22 (full 3):
 PSYoungGen      total 610816K, used 584088K [0x00000000d5f00000, 0x00000000ffd80000, 0x0000000100000000)
  eden space 541184K, 100% used [0x00000000d5f00000,0x00000000f6f80000,0x00000000f6f80000)
  from space 69632K, 61% used [0x00000000fb980000,0x00000000fe3662a8,0x00000000ffd80000)
  to   space 72704K, 0% used [0x00000000f6f80000,0x00000000f6f80000,0x00000000fb680000)
 ParOldGen       total 142336K, used 67345K [0x0000000081c00000, 0x000000008a700000, 0x00000000d5f00000)
  object space 142336K, 47% used [0x0000000081c00000,0x0000000085dc4730,0x000000008a700000)
 Metaspace       used 76165K, capacity 77372K, committed 77868K, reserved 1118208K
  class space    used 8908K, capacity 9143K, committed 9260K, reserved 1048576K
Event: 2777.258 GC heap after
Heap after GC invocations=22 (full 3):
 PSYoungGen      total 613888K, used 43823K [0x00000000d5f00000, 0x0000000100000000, 0x0000000100000000)
  eden space 541184K, 0% used [0x00000000d5f00000,0x00000000d5f00000,0x00000000f6f80000)
  from space 72704K, 60% used [0x00000000f6f80000,0x00000000f9a4be70,0x00000000fb680000)
  to   space 72704K, 0% used [0x00000000fb900000,0x00000000fb900000,0x0000000100000000)
 ParOldGen       total 142336K, used 72264K [0x0000000081c00000, 0x000000008a700000, 0x00000000d5f00000)
  object space 142336K, 50% used [0x0000000081c00000,0x0000000086292250,0x000000008a700000)
 Metaspace       used 76165K, capacity 77372K, committed 77868K, reserved 1118208K
  class space    used 8908K, capacity 9143K, committed 9260K, reserved 1048576K
}

